#install paru
paru -S swayfx brave-bin

sudo pacman -S rustup swaybg ghostty eza go zip unzip brightnessctl linux-lts linux-lts-headers p7zip unrar tar rsync pacman-contrib bat rmlint xdg-open xdg-utils amd-ucode reflector npm
rustup default stable

sudo pacman -S xorg-xwayland i3status-rust btop

sudo pacman -S mpv swayimg

sudo pacman -S ImageMagick
sudo pacman -S magick
sudo pacman -S ripgrep fd
sudo pacman -S autotiling-rs
sudo pacman -S imagemagick

sudo pacman -S noto-fonts noto-fonts-emoji noto-fonts-cjk ttf-font-awesome

sudo pacman -Rscun pulseaudio pulseaudio-alsa
sudo pacman -S alsa-utils
systemctl --user stop pulseaudio.service pulseaudio.socket
systemctl --user disable pulseaudio.service pulseaudio.socket
systemctl --user stop pipewire-pulse.service
systemctl --user disable pipewire-pulse.service
systemctl --user stop pipewire-pulse.socket
systemctl --user disable pipewire-pulse.socket
systemctl --user stop pipewire-pulse.service
systemctl --user disable pipewire-pulse.socket

sudo grub-mkconfig -o /boot/grub/grub.cfg

#чтобы что-то удалить sudo pacman -Rscun

chmod 644 ~/.zprofile


sudo -E systemctl edit paccache.service
####
[Service]
ExecStart=
ExecStart=/usr/bin/paccache -r -k 2
####
sudo systemctl enable --now paccache.timer
systemctl list-timers | grep paccache
systemctl cat paccache.service | grep "ExecStart"
sudo systemctl daemon-reload
sudo systemctl restart paccache.timer

sudo -E nvim /etc/pacman.conf
####
#
# /etc/pacman.conf
#
# See the pacman.conf(5) manpage for option and repository directives

#
# GENERAL OPTIONS
#
[options]
# The following paths are commented out with their default values listed.
# If you wish to use different paths, uncomment and update the paths.
#RootDir     = /
#DBPath      = /var/lib/pacman/
#CacheDir    = /var/cache/pacman/pkg/
#LogFile     = /var/log/pacman.log
#GPGDir      = /etc/pacman.d/gnupg/
#HookDir     = /etc/pacman.d/hooks/
HoldPkg     = pacman glibc
#XferCommand = /usr/bin/curl -L -C - -f -o %o %u
#XferCommand = /usr/bin/wget --passive-ftp -c -O %o %u
#CleanMethod = KeepInstalled
Architecture = auto

# Pacman won't upgrade packages listed in IgnorePkg and members of IgnoreGroup
#IgnorePkg   =
#IgnoreGroup =

#NoUpgrade   =
#NoExtract   =

# Misc options
#UseSyslog
Color
ILoveCandy
#NoProgressBar
CheckSpace
VerbosePkgLists
ParallelDownloads = 10
DownloadUser = alpm
#DisableSandbox

# By default, pacman accepts packages signed by keys that its local keyring
# trusts (see pacman-key and its man page), as well as unsigned packages.
SigLevel    = Required DatabaseOptional
LocalFileSigLevel = Optional
#RemoteFileSigLevel = Required

# NOTE: You must run `pacman-key --init` before first using pacman; the local
# keyring can then be populated with the keys of all official Arch Linux
# packagers with `pacman-key --populate archlinux`.

#
# REPOSITORIES
#   - can be defined here or included from another file
#   - pacman will search repositories in the order defined here
#   - local/custom mirrors can be added here or in separate files
#   - repositories listed first will take precedence when packages
#     have identical names, regardless of version number
#   - URLs will have $repo replaced by the name of the current repo
#   - URLs will have $arch replaced by the name of the architecture
#
# Repository entries are of the format:
#       [repo-name]
#       Server = ServerName
#       Include = IncludePath
#
# The header [repo-name] is crucial - it must be present and
# uncommented to enable the repo.
#

# The testing repositories are disabled by default. To enable, uncomment the
# repo name header and Include lines. You can add preferred servers immediately
# after the header, and they will be used before the default mirrors.

#[core-testing]
#Include = /etc/pacman.d/mirrorlist

[core]
Include = /etc/pacman.d/mirrorlist

#[extra-testing]
#Include = /etc/pacman.d/mirrorlist

[extra]
Include = /etc/pacman.d/mirrorlist

# If you want to run 32 bit applications on your x86_64 system,
# enable the multilib repositories as required here.

#[multilib-testing]
#Include = /etc/pacman.d/mirrorlist

[multilib]
Include = /etc/pacman.d/mirrorlist

# An example of a custom package repository.  See the pacman manpage for
# tips on creating your own repositories.
#[custom]
#SigLevel = Optional TrustAll
#Server = file:///home/custompkgs
####


sudo -E nvim /usr/share/libalpm/hooks/paccache.hook
####
[Trigger]
Operation = Upgrade
Operation = Install
Operation = Remove
Type = Package
Target = *

[Action]
Description = Cleaning pacman cache with paccache...
When = PostTransaction
Exec = /usr/bin/paccache -r
####
ХЗ что тут надо для paccache это или выше

### для рефлектора, потом его можно удалить
sudo reflector --verbose --latest 5 --sort rate --save /etc/pacman.d/mirrorlist
sudo reflector --latest 200 --protocol http --protocol https --sort rate --save /etc/pacman.d/mirrorlist
